[debug] > Exec(early(addDefaultCommands), None, None)
[debug] > Exec(addDefaultCommands, None, None)
[debug] > Exec(early(initialize), None, None)
[debug] > Exec(initialize, None, None)
[debug] > Exec(boot, None, None)
[debug] > Exec(writeSbtVersion, None, None)
[debug] > Exec(reload, None, None)
[debug] > Exec(sbtStashOnFailure, None, None)
[debug] > Exec(onFailure loadFailed, None, None)
[debug] > Exec(loadp, None, None)
[info] welcome to sbt 1.4.5 (Ubuntu Java 11.0.13)
[debug]       Load.loadUnit: plugins took 109.196057ms
[debug]       Load.loadUnit: defsScala took 0.381696ms
[debug] [Loading] Scanning directory /home/rachid/.sbt/1.0/plugins
[debug] [Loading] Found non-root projects 
[debug] [Loading] Done in /home/rachid/.sbt/1.0/plugins, returning: ()
[debug] deducing auto plugins based on known facts Set(Atom(sbt.plugins.CorePlugin)) and clauses Clauses(List(Clause(Atom(sbt.plugins.JvmPlugin),Set(Atom(sbt.plugins.IvyPlugin))), Clause(Atom(sbt.ScriptedPlugin),Set(Atom(sbt.plugins.JvmPlugin))), Clause(Atom(sbt.plugins.SbtPlugin),Set(Atom(sbt.ScriptedPlugin))), Clause(Atom(sbt.plugins.SemanticdbPlugin),Set(Atom(sbt.plugins.JvmPlugin))), Clause(Atom(sbt.plugins.JUnitXmlReportPlugin),Set(Atom(sbt.plugins.JvmPlugin))), Clause(Atom(sbt.plugins.MiniDependencyTreePlugin),Set(Atom(sbt.plugins.JvmPlugin))), Clause(Atom(sbt.plugins.CorePlugin),Set(Atom(sbt.plugins.IvyPlugin))), Clause(Atom(sbt.plugins.IvyPlugin),Set(Atom(sbt.plugins.JvmPlugin))), Clause(Atom(sbt.plugins.JvmPlugin),Set(Atom(sbt.plugins.SemanticdbPlugin))), Clause(Atom(sbt.plugins.JvmPlugin),Set(Atom(sbt.plugins.JUnitXmlReportPlugin))), Clause(Atom(sbt.plugins.CorePlugin),Set(Atom(sbt.plugins.Giter8TemplatePlugin))), Clause(Atom(sbt.plugins.JvmPlugin),Set(Atom(sbt.plugins.MiniDependencyTreePlugin)))))
[debug]   :: deduced result: Matched(sbt.plugins.CorePlugin,sbt.plugins.Giter8TemplatePlugin,sbt.plugins.IvyPlugin,sbt.plugins.JvmPlugin,sbt.plugins.MiniDependencyTreePlugin,sbt.plugins.JUnitXmlReportPlugin,sbt.plugins.SemanticdbPlugin)
[debug] Plugins.deducer#function took 19.14872 ms
[debug]           Load.resolveProject(global-plugins) took 54.73901ms
[debug]         Load.loadTransitive: finalizeProject(Project(id global-plugins, base: /home/rachid/.sbt/1.0/plugins, plugins: List(<none>))) took 99.858045ms
[debug] [Loading] Done in /home/rachid/.sbt/1.0/plugins, returning: (global-plugins)
[debug]       Load.loadUnit: loadedProjectsRaw took 120.179009ms
[debug]       Load.loadUnit: cleanEvalClasses took 0.222215ms
[debug]     Load.loadUnit(file:/home/rachid/.sbt/1.0/plugins/, ...) took 240.119895ms
[debug]   Load.apply: load took 431.749912ms
[debug]   Load.apply: resolveProjects took 5.324316ms
[debug]   Load.apply: finalTransforms took 54.710408ms
[debug]   Load.apply: config.delegates took 6.399149ms
[debug]   Load.apply: Def.make(settings)... took 338.217755ms
[debug]   Load.apply: structureIndex took 92.195223ms
[debug]   Load.apply: mkStreams took 1.231611ms
[info] loading global plugins from /home/rachid/.sbt/1.0/plugins
[debug] Running task... Cancel: Signal, check cycles: false, forcegc: true
[debug] Load.defaultLoad until apply took 2207.604756ms
[debug]           Load.loadUnit: plugins took 16.821487ms
[debug]           Load.loadUnit: defsScala took 0.005456ms
[debug] [Loading] Scanning directory /home/rachid/Bureau/LinkeDocs/in - Projects/Spark Structured Streaming - using Kafka Spark Cassandra/StreamHandler/project
[debug] [Loading] Found non-root projects 
[debug] [Loading] Done in /home/rachid/Bureau/LinkeDocs/in - Projects/Spark Structured Streaming - using Kafka Spark Cassandra/StreamHandler/project, returning: ()
[debug] deducing auto plugins based on known facts Set(Atom(sbt.plugins.CorePlugin)) and clauses Clauses(List(Clause(Atom(sbt.plugins.JvmPlugin),Set(Atom(sbt.plugins.IvyPlugin))), Clause(Atom(sbt.ScriptedPlugin),Set(Atom(sbt.plugins.JvmPlugin))), Clause(Atom(sbt.plugins.SbtPlugin),Set(Atom(sbt.ScriptedPlugin))), Clause(Atom(sbt.plugins.SemanticdbPlugin),Set(Atom(sbt.plugins.JvmPlugin))), Clause(Atom(sbt.plugins.JUnitXmlReportPlugin),Set(Atom(sbt.plugins.JvmPlugin))), Clause(Atom(sbt.plugins.MiniDependencyTreePlugin),Set(Atom(sbt.plugins.JvmPlugin))), Clause(Atom(sbt.plugins.CorePlugin),Set(Atom(sbt.plugins.IvyPlugin))), Clause(Atom(sbt.plugins.IvyPlugin),Set(Atom(sbt.plugins.JvmPlugin))), Clause(Atom(sbt.plugins.JvmPlugin),Set(Atom(sbt.plugins.SemanticdbPlugin))), Clause(Atom(sbt.plugins.JvmPlugin),Set(Atom(sbt.plugins.JUnitXmlReportPlugin))), Clause(Atom(sbt.plugins.CorePlugin),Set(Atom(sbt.plugins.Giter8TemplatePlugin))), Clause(Atom(sbt.plugins.JvmPlugin),Set(Atom(sbt.plugins.MiniDependencyTreePlugin)))))
[debug]   :: deduced result: Matched(sbt.plugins.CorePlugin,sbt.plugins.Giter8TemplatePlugin,sbt.plugins.IvyPlugin,sbt.plugins.JvmPlugin,sbt.plugins.MiniDependencyTreePlugin,sbt.plugins.JUnitXmlReportPlugin,sbt.plugins.SemanticdbPlugin)
[debug] Plugins.deducer#function took 2.61811 ms
[debug]               Load.resolveProject(streamhandler-build) took 1.165196ms
[debug]             Load.loadTransitive: finalizeProject(Project(id streamhandler-build, base: /home/rachid/Bureau/LinkeDocs/in - Projects/Spark Structured Streaming - using Kafka Spark Cassandra/StreamHandler/project, plugins: List(<none>))) took 4.394161ms
[debug] [Loading] Done in /home/rachid/Bureau/LinkeDocs/in - Projects/Spark Structured Streaming - using Kafka Spark Cassandra/StreamHandler/project, returning: (streamhandler-build)
[debug]           Load.loadUnit: loadedProjectsRaw took 6.446505ms
[debug]           Load.loadUnit: cleanEvalClasses took 0.012176ms
[debug]         Load.loadUnit(file:/home/rachid/Bureau/LinkeDocs/in%20-%20Projects/Spark%20Structured%20Streaming%20-%20using%20Kafka%20Spark%20Cassandra/StreamHandler/project/, ...) took 24.151307ms
[debug]       Load.apply: load took 25.771527ms
[debug]       Load.apply: resolveProjects took 0.114968ms
[debug]       Load.apply: finalTransforms took 22.867125ms
[debug]       Load.apply: config.delegates took 0.440483ms
[debug]       Load.apply: Def.make(settings)... took 69.873147ms
[debug]       Load.apply: structureIndex took 29.807173ms
[debug]       Load.apply: mkStreams took 0.003515ms
[info] loading project definition from /home/rachid/Bureau/LinkeDocs/in - Projects/Spark Structured Streaming - using Kafka Spark Cassandra/StreamHandler/project
[debug] Running task... Cancel: Signal, check cycles: false, forcegc: true
[debug]     Load.loadUnit: plugins took 266.441244ms
[debug]     Load.loadUnit: defsScala took 0.003077ms
[debug] [Loading] Scanning directory /home/rachid/Bureau/LinkeDocs/in - Projects/Spark Structured Streaming - using Kafka Spark Cassandra/StreamHandler
[debug]       Load.loadUnit: mkEval took 4.980366ms
[debug] [Loading] Found non-root projects 
[debug] [Loading] Done in /home/rachid/Bureau/LinkeDocs/in - Projects/Spark Structured Streaming - using Kafka Spark Cassandra/StreamHandler, returning: ()
[debug] deducing auto plugins based on known facts Set(Atom(sbt.plugins.CorePlugin)) and clauses Clauses(List(Clause(Atom(sbt.plugins.JvmPlugin),Set(Atom(sbt.plugins.IvyPlugin))), Clause(Atom(sbt.ScriptedPlugin),Set(Atom(sbt.plugins.JvmPlugin))), Clause(Atom(sbt.plugins.SbtPlugin),Set(Atom(sbt.ScriptedPlugin))), Clause(Atom(sbt.plugins.SemanticdbPlugin),Set(Atom(sbt.plugins.JvmPlugin))), Clause(Atom(sbt.plugins.JUnitXmlReportPlugin),Set(Atom(sbt.plugins.JvmPlugin))), Clause(Atom(sbt.plugins.MiniDependencyTreePlugin),Set(Atom(sbt.plugins.JvmPlugin))), Clause(Atom(sbt.plugins.CorePlugin),Set(Atom(sbt.plugins.IvyPlugin))), Clause(Atom(sbt.plugins.IvyPlugin),Set(Atom(sbt.plugins.JvmPlugin))), Clause(Atom(sbt.plugins.JvmPlugin),Set(Atom(sbt.plugins.SemanticdbPlugin))), Clause(Atom(sbt.plugins.JvmPlugin),Set(Atom(sbt.plugins.JUnitXmlReportPlugin))), Clause(Atom(sbt.plugins.CorePlugin),Set(Atom(sbt.plugins.Giter8TemplatePlugin))), Clause(Atom(sbt.plugins.JvmPlugin),Set(Atom(sbt.plugins.MiniDependencyTreePlugin)))))
[debug]   :: deduced result: Matched(sbt.plugins.CorePlugin,sbt.plugins.Giter8TemplatePlugin,sbt.plugins.IvyPlugin,sbt.plugins.JvmPlugin,sbt.plugins.MiniDependencyTreePlugin,sbt.plugins.JUnitXmlReportPlugin,sbt.plugins.SemanticdbPlugin)
[debug] Plugins.deducer#function took 1.278522 ms
[info] loading settings for project streamhandler from build.sbt ...
[debug]         Load.resolveProject(streamhandler) took 1.867775ms
[debug]       Load.loadTransitive: finalizeProject(Project(id streamhandler, base: /home/rachid/Bureau/LinkeDocs/in - Projects/Spark Structured Streaming - using Kafka Spark Cassandra/StreamHandler, plugins: List(<none>))) took 3.604442ms
[debug] [Loading] Done in /home/rachid/Bureau/LinkeDocs/in - Projects/Spark Structured Streaming - using Kafka Spark Cassandra/StreamHandler, returning: (streamhandler)
[debug]     Load.loadUnit: loadedProjectsRaw took 1402.865038ms
[debug]     Load.loadUnit: cleanEvalClasses took 3.655176ms
[debug]   Load.loadUnit(file:/home/rachid/Bureau/LinkeDocs/in%20-%20Projects/Spark%20Structured%20Streaming%20-%20using%20Kafka%20Spark%20Cassandra/StreamHandler/, ...) took 1673.541926ms
[debug] Load.apply: load took 1675.049098ms
[debug] Load.apply: resolveProjects took 0.078165ms
[debug] Load.apply: finalTransforms took 7.886391ms
[debug] Load.apply: config.delegates took 0.328039ms
[debug] Load.apply: Def.make(settings)... took 87.630689ms
[debug] Load.apply: structureIndex took 20.05192ms
[debug] Load.apply: mkStreams took 0.002469ms
[info] set current project to Stream Handler (in build file:/home/rachid/Bureau/LinkeDocs/in%20-%20Projects/Spark%20Structured%20Streaming%20-%20using%20Kafka%20Spark%20Cassandra/StreamHandler/)
[debug] > Exec(sbtPopOnFailure, None, None)
[debug] > Exec(resumeFromFailure, None, None)
[debug] > Exec(notifyUsersAboutShell, None, None)
[debug] > Exec(iflast shell, None, None)
[debug] > Exec(shell, None, None)
[info] sbt server started at local:///home/rachid/.sbt/1.0/server/aff109681686a346567c/sock
[info] started sbt server
